2025-06-03 16:22:27,279 - utils - ERROR - Cache cleanup failed: name 'CACHE_DIR' is not defined
2025-06-03 16:22:27,280 - utils - INFO - Loading YOLO model...
2025-06-03 16:23:01,991 - utils - ERROR - Application error: name 'MAX_UPLOAD_SIZE' is not defined
2025-06-03 16:26:16,686 - utils - INFO - adjust_image_properties executed in 0.02 seconds
2025-06-03 16:26:16,847 - utils - INFO - preprocess_image executed in 0.16 seconds
2025-06-03 16:26:16,866 - utils - INFO - apply_preprocessing executed in 0.01 seconds
2025-06-03 16:26:16,882 - utils - INFO - apply_edge_detection executed in 0.02 seconds
2025-06-03 16:26:19,661 - utils - INFO - detect_objects executed in 2.75 seconds
2025-06-03 16:26:19,673 - utils - INFO - generate_heatmap executed in 0.01 seconds
2025-06-03 16:26:48,993 - utils - INFO - adjust_image_properties executed in 0.01 seconds
2025-06-03 16:26:48,998 - utils - INFO - preprocess_image executed in 0.00 seconds
2025-06-03 16:26:49,005 - utils - INFO - apply_preprocessing executed in 0.00 seconds
2025-06-03 16:26:49,008 - utils - INFO - apply_edge_detection executed in 0.00 seconds
2025-06-03 16:26:49,174 - utils - INFO - detect_objects executed in 0.15 seconds
2025-06-03 16:26:49,175 - utils - INFO - generate_heatmap executed in 0.00 seconds
2025-06-03 16:26:50,444 - utils - INFO - adjust_image_properties executed in 0.01 seconds
2025-06-03 16:26:50,449 - utils - INFO - preprocess_image executed in 0.00 seconds
2025-06-03 16:26:50,467 - utils - INFO - apply_preprocessing executed in 0.00 seconds
2025-06-03 16:26:50,475 - utils - INFO - apply_edge_detection executed in 0.00 seconds
2025-06-03 16:26:50,683 - utils - INFO - detect_objects executed in 0.18 seconds
2025-06-03 16:26:50,685 - utils - INFO - generate_heatmap executed in 0.00 seconds
2025-06-03 16:26:54,509 - utils - INFO - adjust_image_properties executed in 0.01 seconds
2025-06-03 16:26:54,512 - utils - INFO - preprocess_image executed in 0.00 seconds
2025-06-03 16:26:54,518 - utils - INFO - apply_preprocessing executed in 0.00 seconds
2025-06-03 16:26:54,523 - utils - INFO - apply_edge_detection executed in 0.00 seconds
2025-06-03 16:26:54,697 - utils - INFO - detect_objects executed in 0.16 seconds
2025-06-03 16:26:54,698 - utils - INFO - generate_heatmap executed in 0.00 seconds
2025-06-03 16:26:55,238 - utils - INFO - adjust_image_properties executed in 0.01 seconds
2025-06-03 16:26:55,243 - utils - INFO - preprocess_image executed in 0.00 seconds
2025-06-03 16:26:55,255 - utils - INFO - apply_preprocessing executed in 0.00 seconds
2025-06-03 16:26:55,260 - utils - INFO - apply_edge_detection executed in 0.00 seconds
2025-06-03 16:26:55,492 - utils - INFO - detect_objects executed in 0.21 seconds
2025-06-03 16:26:55,495 - utils - INFO - generate_heatmap executed in 0.00 seconds
2025-06-03 16:26:59,116 - utils - INFO - adjust_image_properties executed in 0.01 seconds
2025-06-03 16:26:59,119 - utils - INFO - preprocess_image executed in 0.00 seconds
2025-06-03 16:26:59,125 - utils - INFO - apply_preprocessing executed in 0.00 seconds
2025-06-03 16:26:59,131 - utils - INFO - apply_edge_detection executed in 0.00 seconds
2025-06-03 16:26:59,308 - utils - INFO - detect_objects executed in 0.16 seconds
2025-06-03 16:26:59,310 - utils - INFO - generate_heatmap executed in 0.00 seconds
2025-06-03 16:27:00,556 - utils - INFO - adjust_image_properties executed in 0.01 seconds
2025-06-03 16:27:00,559 - utils - INFO - preprocess_image executed in 0.00 seconds
2025-06-03 16:27:00,567 - utils - INFO - apply_preprocessing executed in 0.00 seconds
2025-06-03 16:27:00,571 - utils - INFO - apply_edge_detection executed in 0.00 seconds
2025-06-03 16:27:00,750 - utils - INFO - detect_objects executed in 0.16 seconds
2025-06-03 16:27:00,751 - utils - INFO - generate_heatmap executed in 0.00 seconds
2025-06-03 16:27:03,837 - utils - INFO - adjust_image_properties executed in 0.01 seconds
2025-06-03 16:27:03,841 - utils - INFO - preprocess_image executed in 0.00 seconds
2025-06-03 16:27:03,848 - utils - INFO - apply_preprocessing executed in 0.00 seconds
2025-06-03 16:27:03,852 - utils - INFO - apply_edge_detection executed in 0.00 seconds
2025-06-03 16:27:04,015 - utils - INFO - detect_objects executed in 0.15 seconds
2025-06-03 16:27:04,017 - utils - INFO - generate_heatmap executed in 0.00 seconds
2025-06-03 16:27:04,447 - utils - INFO - adjust_image_properties executed in 0.01 seconds
2025-06-03 16:27:04,454 - utils - INFO - preprocess_image executed in 0.01 seconds
2025-06-03 16:27:04,463 - utils - INFO - apply_preprocessing executed in 0.00 seconds
2025-06-03 16:27:04,467 - utils - INFO - apply_edge_detection executed in 0.00 seconds
2025-06-03 16:27:04,702 - utils - INFO - detect_objects executed in 0.21 seconds
2025-06-03 16:27:04,704 - utils - INFO - generate_heatmap executed in 0.00 seconds
2025-06-03 16:27:05,162 - utils - INFO - adjust_image_properties executed in 0.01 seconds
2025-06-03 16:27:05,168 - utils - INFO - preprocess_image executed in 0.00 seconds
2025-06-03 16:27:05,177 - utils - INFO - apply_preprocessing executed in 0.00 seconds
2025-06-03 16:27:05,181 - utils - INFO - apply_edge_detection executed in 0.00 seconds
2025-06-03 16:27:05,400 - utils - INFO - detect_objects executed in 0.19 seconds
2025-06-03 16:27:05,401 - utils - INFO - generate_heatmap executed in 0.00 seconds
2025-06-03 16:27:09,299 - utils - INFO - adjust_image_properties executed in 0.01 seconds
2025-06-03 16:27:09,302 - utils - INFO - preprocess_image executed in 0.00 seconds
2025-06-03 16:27:09,309 - utils - INFO - apply_preprocessing executed in 0.00 seconds
2025-06-03 16:27:09,314 - utils - INFO - apply_edge_detection executed in 0.00 seconds
2025-06-03 16:27:09,489 - utils - INFO - detect_objects executed in 0.16 seconds
2025-06-03 16:27:09,491 - utils - INFO - generate_heatmap executed in 0.00 seconds
2025-06-03 16:27:10,656 - utils - INFO - adjust_image_properties executed in 0.01 seconds
2025-06-03 16:27:10,660 - utils - INFO - preprocess_image executed in 0.00 seconds
2025-06-03 16:27:10,668 - utils - INFO - apply_preprocessing executed in 0.00 seconds
2025-06-03 16:27:10,672 - utils - INFO - apply_edge_detection executed in 0.00 seconds
2025-06-03 16:27:10,840 - utils - INFO - detect_objects executed in 0.15 seconds
2025-06-03 16:27:10,842 - utils - INFO - generate_heatmap executed in 0.00 seconds
2025-06-03 16:27:21,490 - utils - INFO - adjust_image_properties executed in 0.02 seconds
2025-06-03 16:27:21,493 - utils - INFO - preprocess_image executed in 0.00 seconds
2025-06-03 16:27:21,502 - utils - INFO - apply_preprocessing executed in 0.00 seconds
2025-06-03 16:27:21,506 - utils - INFO - apply_edge_detection executed in 0.00 seconds
2025-06-03 16:27:21,685 - utils - INFO - detect_objects executed in 0.16 seconds
2025-06-03 16:27:21,686 - utils - INFO - generate_heatmap executed in 0.00 seconds
2025-06-03 16:27:22,495 - utils - INFO - adjust_image_properties executed in 0.02 seconds
2025-06-03 16:27:22,504 - utils - INFO - preprocess_image executed in 0.01 seconds
2025-06-03 16:27:22,524 - utils - INFO - apply_preprocessing executed in 0.00 seconds
2025-06-03 16:27:22,533 - utils - INFO - apply_edge_detection executed in 0.01 seconds
2025-06-03 16:27:22,764 - utils - INFO - detect_objects executed in 0.20 seconds
2025-06-03 16:27:22,765 - utils - INFO - generate_heatmap executed in 0.00 seconds
2025-06-03 16:27:23,167 - utils - INFO - adjust_image_properties executed in 0.02 seconds
2025-06-03 16:27:23,172 - utils - INFO - preprocess_image executed in 0.00 seconds
2025-06-03 16:27:23,182 - utils - INFO - apply_preprocessing executed in 0.00 seconds
2025-06-03 16:27:23,186 - utils - INFO - apply_edge_detection executed in 0.00 seconds
2025-06-03 16:27:23,436 - utils - INFO - detect_objects executed in 0.22 seconds
2025-06-03 16:27:23,438 - utils - INFO - generate_heatmap executed in 0.00 seconds
2025-06-03 16:27:28,692 - utils - INFO - adjust_image_properties executed in 0.02 seconds
2025-06-03 16:27:28,696 - utils - INFO - preprocess_image executed in 0.00 seconds
2025-06-03 16:27:28,708 - utils - INFO - apply_preprocessing executed in 0.00 seconds
2025-06-03 16:27:28,714 - utils - INFO - apply_edge_detection executed in 0.00 seconds
2025-06-03 16:27:28,883 - utils - INFO - detect_objects executed in 0.15 seconds
2025-06-03 16:27:28,884 - utils - INFO - generate_heatmap executed in 0.00 seconds
2025-06-03 16:27:29,223 - utils - INFO - adjust_image_properties executed in 0.04 seconds
2025-06-03 16:27:29,229 - utils - INFO - preprocess_image executed in 0.01 seconds
2025-06-03 16:27:29,250 - utils - INFO - apply_preprocessing executed in 0.00 seconds
2025-06-03 16:27:29,257 - utils - INFO - apply_edge_detection executed in 0.00 seconds
2025-06-03 16:27:29,495 - utils - INFO - detect_objects executed in 0.21 seconds
2025-06-03 16:27:29,498 - utils - INFO - generate_heatmap executed in 0.00 seconds
2025-06-03 16:27:29,871 - utils - INFO - adjust_image_properties executed in 0.01 seconds
2025-06-03 16:27:29,874 - utils - INFO - preprocess_image executed in 0.00 seconds
2025-06-03 16:27:29,882 - utils - INFO - apply_preprocessing executed in 0.00 seconds
2025-06-03 16:27:29,885 - utils - INFO - apply_edge_detection executed in 0.00 seconds
2025-06-03 16:27:30,099 - utils - INFO - detect_objects executed in 0.20 seconds
2025-06-03 16:27:30,104 - utils - INFO - generate_heatmap executed in 0.00 seconds
2025-06-03 16:27:36,169 - utils - INFO - adjust_image_properties executed in 0.02 seconds
2025-06-03 16:27:36,173 - utils - INFO - preprocess_image executed in 0.00 seconds
2025-06-03 16:27:36,189 - utils - INFO - apply_preprocessing executed in 0.00 seconds
2025-06-03 16:27:36,193 - utils - INFO - apply_edge_detection executed in 0.00 seconds
2025-06-03 16:27:36,365 - utils - INFO - detect_objects executed in 0.15 seconds
2025-06-03 16:27:36,366 - utils - INFO - generate_heatmap executed in 0.00 seconds
2025-06-03 16:27:36,901 - utils - INFO - adjust_image_properties executed in 0.02 seconds
2025-06-03 16:27:36,906 - utils - INFO - preprocess_image executed in 0.00 seconds
2025-06-03 16:27:36,916 - utils - INFO - apply_preprocessing executed in 0.00 seconds
2025-06-03 16:27:36,920 - utils - INFO - apply_edge_detection executed in 0.00 seconds
2025-06-03 16:27:37,121 - utils - INFO - detect_objects executed in 0.18 seconds
2025-06-03 16:27:37,123 - utils - INFO - generate_heatmap executed in 0.00 seconds
2025-06-03 16:28:12,398 - utils - INFO - adjust_image_properties executed in 0.02 seconds
2025-06-03 16:28:12,401 - utils - INFO - preprocess_image executed in 0.00 seconds
2025-06-03 16:28:12,410 - utils - INFO - apply_preprocessing executed in 0.00 seconds
2025-06-03 16:28:12,416 - utils - INFO - apply_edge_detection executed in 0.00 seconds
2025-06-03 16:28:12,587 - utils - INFO - detect_objects executed in 0.16 seconds
2025-06-03 16:28:12,589 - utils - INFO - generate_heatmap executed in 0.00 seconds
2025-06-03 16:28:12,675 - utils - INFO - adjust_image_properties executed in 0.03 seconds
2025-06-03 16:28:12,682 - utils - INFO - preprocess_image executed in 0.01 seconds
2025-06-03 16:28:12,703 - utils - INFO - apply_preprocessing executed in 0.00 seconds
2025-06-03 16:28:12,708 - utils - INFO - apply_edge_detection executed in 0.00 seconds
2025-06-03 16:28:12,997 - utils - INFO - detect_objects executed in 0.27 seconds
2025-06-03 16:28:13,000 - utils - INFO - generate_heatmap executed in 0.00 seconds
